#
# There is insufficient memory for the Java Runtime Environment to continue.
# Native memory allocation (malloc) failed to allocate 90896 bytes for Chunk::new
# Possible reasons:
#   The system is out of physical RAM or swap space
#   In 32 bit mode, the process size limit was hit
# Possible solutions:
#   Reduce memory load on the system
#   Increase physical memory or swap space
#   Check if swap backing store is full
#   Use 64 bit Java on a 64 bit OS
#   Decrease Java heap size (-Xmx/-Xms)
#   Decrease number of Java threads
#   Decrease Java thread stack sizes (-Xss)
#   Set larger code cache with -XX:ReservedCodeCacheSize=
# This output file may be truncated or incomplete.
#
#  Out of Memory Error (allocation.cpp:390), pid=9880, tid=0x00000000000040fc
#
# JRE version: Java(TM) SE Runtime Environment (8.0_111-b14) (build 1.8.0_111-b14)
# Java VM: Java HotSpot(TM) 64-Bit Server VM (25.111-b14 mixed mode windows-amd64 compressed oops)
# Failed to write core dump. Minidumps are not enabled by default on client versions of Windows
#

---------------  T H R E A D  ---------------

Current thread (0x00000000196e7000):  JavaThread "C2 CompilerThread2" daemon [_thread_in_native, id=16636, stack(0x000000001a0b0000,0x000000001a1b0000)]

Stack: [0x000000001a0b0000,0x000000001a1b0000]
[error occurred during error reporting (printing stack bounds), id 0xc0000005]

Native frames: (J=compiled Java code, j=interpreted, Vv=VM code, C=native code)


Current CompileTask:
C2:    797  543       4       java.io.InputStreamReader::read (11 bytes)


---------------  P R O C E S S  ---------------

Java Threads: ( => current thread )
  0x0000000019731000 JavaThread "Service Thread" daemon [_thread_blocked, id=14916, stack(0x000000001a2b0000,0x000000001a3b0000)]
  0x00000000196eb000 JavaThread "C1 CompilerThread3" daemon [_thread_blocked, id=12636, stack(0x000000001a1b0000,0x000000001a2b0000)]
=>0x00000000196e7000 JavaThread "C2 CompilerThread2" daemon [_thread_in_native, id=16636, stack(0x000000001a0b0000,0x000000001a1b0000)]
  0x00000000196d4000 JavaThread "C2 CompilerThread1" daemon [_thread_in_native, id=12776, stack(0x0000000019fb0000,0x000000001a0b0000)]
  0x00000000196e6000 JavaThread "C2 CompilerThread0" daemon [_thread_in_native, id=15480, stack(0x0000000019eb0000,0x0000000019fb0000)]
  0x00000000196e3000 JavaThread "Attach Listener" daemon [_thread_blocked, id=3652, stack(0x0000000019db0000,0x0000000019eb0000)]
  0x00000000196e2000 JavaThread "Signal Dispatcher" daemon [_thread_blocked, id=3284, stack(0x0000000019cb0000,0x0000000019db0000)]
  0x000000000282d800 JavaThread "Finalizer" daemon [_thread_blocked, id=5972, stack(0x0000000019ab0000,0x0000000019bb0000)]
  0x0000000002826800 JavaThread "Reference Handler" daemon [_thread_blocked, id=10760, stack(0x00000000195b0000,0x00000000196b0000)]
  0x0000000000e3e000 JavaThread "main" [_thread_in_native, id=10248, stack(0x0000000002620000,0x0000000002720000)]

Other Threads:
  0x00000000177da000 VMThread [stack: 0x00000000194b0000,0x00000000195b0000] [id=9964]
  0x0000000019734800 WatcherThread [stack: 0x000000001a3b0000,0x000000001a4b0000] [id=9164]

VM state:not at safepoint (normal execution)

VM Mutex/Monitor currently owned by a thread: None

Heap:
 PSYoungGen      total 38400K, used 22656K [0x00000000d5f00000, 0x00000000d8980000, 0x0000000100000000)
  eden space 33280K, 68% used [0x00000000d5f00000,0x00000000d75201b8,0x00000000d7f80000)
  from space 5120K, 0% used [0x00000000d8480000,0x00000000d8480000,0x00000000d8980000)
  to   space 5120K, 0% used [0x00000000d7f80000,0x00000000d7f80000,0x00000000d8480000)
 ParOldGen       total 87552K, used 0K [0x0000000081c00000, 0x0000000087180000, 0x00000000d5f00000)
  object space 87552K, 0% used [0x0000000081c00000,0x0000000081c00000,0x0000000087180000)
 Metaspace       used 7854K, capacity 8028K, committed 8192K, reserved 1056768K
  class space    used 948K, capacity 1016K, committed 1024K, reserved 1048576K

Card table byte_map: [0x0000000011bf0000,0x0000000011ff0000] byte_map_base: 0x00000000117e2000

Marking Bits: (ParMarkBitMap*) 0x000000007184a6c0
 Begin Bits: [0x0000000012aa0000, 0x0000000014a30000)
 End Bits:   [0x0000000014a30000, 0x00000000169c0000)

Polling page: 0x0000000000e20000

CodeCache: size=245760Kb used=2662Kb max_used=2662Kb free=243097Kb
 bounds [0x0000000002830000, 0x0000000002ad0000, 0x0000000011830000]
 total_blobs=855 nmethods=554 adapters=214
 compilation: enabled

Compilation events (10 events):
Event: 0.780 Thread 0x00000000196eb000  561       3       org.codehaus.plexus.util.xml.pull.MXParser::getName (84 bytes)
Event: 0.780 Thread 0x00000000196eb000 nmethod 561 0x0000000002ac6f90 code [0x0000000002ac7120, 0x0000000002ac7548]
Event: 0.780 Thread 0x00000000196eb000  562       3       org.codehaus.plexus.util.xml.pull.MXParser::isWhitespace (116 bytes)
Event: 0.781 Thread 0x00000000196eb000 nmethod 562 0x0000000002ac7710 code [0x0000000002ac78e0, 0x0000000002ac8148]
Event: 0.781 Thread 0x00000000196eb000  563       3       org.codehaus.plexus.util.xml.pull.MXParser::nextTag (82 bytes)
Event: 0.781 Thread 0x00000000196eb000 nmethod 563 0x0000000002ac83d0 code [0x0000000002ac8600, 0x0000000002ac9168]
Event: 0.792 Thread 0x00000000196eb000  568       3       org.eclipse.sisu.plexus.PlexusXmlScanner::TEXT (10 bytes)
Event: 0.793 Thread 0x00000000196eb000 nmethod 568 0x0000000002ac9650 code [0x0000000002ac97c0, 0x0000000002ac9a38]
Event: 0.793 Thread 0x00000000196eb000  569       3       org.codehaus.plexus.util.xml.pull.MXParser::nextText (103 bytes)
Event: 0.794 Thread 0x00000000196eb000 nmethod 569 0x0000000002ac9b50 code [0x0000000002ac9dc0, 0x0000000002acab48]

GC Heap History (0 events):
No events

Deoptimization events (2 events):
Event: 0.358 Thread 0x0000000000e3e000 Uncommon trap: reason=unstable_if action=reinterpret pc=0x00000000029d66e4 method=org.codehaus.plexus.util.xml.pull.MXParser.more()C @ 8
Event: 0.528 Thread 0x0000000000e3e000 Uncommon trap: reason=unstable_if action=reinterpret pc=0x00000000029afe40 method=java.lang.String.indexOf([CII[CIII)I @ 3

Internal exceptions (9 events):
Event: 0.035 Thread 0x0000000000e3e000 Exception <a 'java/lang/NoSuchMethodError': Method sun.misc.Unsafe.defineClass(Ljava/lang/String;[BII)Ljava/lang/Class; name or signature does not match> (0x00000000d5f07c78) thrown at [C:\re\workspace\8-2-build-windows-amd64-cygwin\jdk8u111\7883\hotspot\
Event: 0.035 Thread 0x0000000000e3e000 Exception <a 'java/lang/NoSuchMethodError': Method sun.misc.Unsafe.prefetchRead(Ljava/lang/Object;J)V name or signature does not match> (0x00000000d5f07f60) thrown at [C:\re\workspace\8-2-build-windows-amd64-cygwin\jdk8u111\7883\hotspot\src\share\vm\prims
Event: 0.260 Thread 0x0000000000e3e000 Exception <a 'java/security/PrivilegedActionException'> (0x00000000d6345be0) thrown at [C:\re\workspace\8-2-build-windows-amd64-cygwin\jdk8u111\7883\hotspot\src\share\vm\prims\jvm.cpp, line 1386]
Event: 0.260 Thread 0x0000000000e3e000 Exception <a 'java/security/PrivilegedActionException'> (0x00000000d6345df0) thrown at [C:\re\workspace\8-2-build-windows-amd64-cygwin\jdk8u111\7883\hotspot\src\share\vm\prims\jvm.cpp, line 1386]
Event: 0.261 Thread 0x0000000000e3e000 Exception <a 'java/security/PrivilegedActionException'> (0x00000000d6349ec0) thrown at [C:\re\workspace\8-2-build-windows-amd64-cygwin\jdk8u111\7883\hotspot\src\share\vm\prims\jvm.cpp, line 1386]
Event: 0.261 Thread 0x0000000000e3e000 Exception <a 'java/security/PrivilegedActionException'> (0x00000000d634a0d0) thrown at [C:\re\workspace\8-2-build-windows-amd64-cygwin\jdk8u111\7883\hotspot\src\share\vm\prims\jvm.cpp, line 1386]
Event: 0.722 Thread 0x0000000000e3e000 Exception <a 'java/lang/ArrayIndexOutOfBoundsException'> (0x00000000d716b7b8) thrown at [C:\re\workspace\8-2-build-windows-amd64-cygwin\jdk8u111\7883\hotspot\src\share\vm\runtime\sharedRuntime.cpp, line 605]
Event: 0.725 Thread 0x0000000000e3e000 Exception <a 'java/lang/ArrayIndexOutOfBoundsException'> (0x00000000d7186868) thrown at [C:\re\workspace\8-2-build-windows-amd64-cygwin\jdk8u111\7883\hotspot\src\share\vm\runtime\sharedRuntime.cpp, line 605]
Event: 0.733 Thread 0x0000000000e3e000 Exception <a 'java/lang/ArrayIndexOutOfBoundsException'> (0x00000000d71c7cd0) thrown at [C:\re\workspace\8-2-build-windows-amd64-cygwin\jdk8u111\7883\hotspot\src\share\vm\runtime\sharedRuntime.cpp, line 605]

Events (10 events):
Event: 0.792 loading class org/apache/maven/repository/legacy/resolver/transform/ArtifactTransformation
Event: 0.792 loading class org/apache/maven/repository/legacy/resolver/transform/ArtifactTransformation done
Event: 0.792 loading class org/apache/maven/repository/legacy/resolver/transform/ArtifactTransformationManager
Event: 0.792 loading class org/apache/maven/repository/legacy/resolver/transform/ArtifactTransformationManager done
Event: 0.793 loading class org/apache/maven/repository/legacy/resolver/transform/ArtifactTransformationManager
Event: 0.794 loading class org/apache/maven/repository/legacy/resolver/transform/ArtifactTransformationManager done
Event: 0.794 loading class org/apache/maven/repository/metadata/ClasspathTransformation
Event: 0.794 loading class org/apache/maven/repository/metadata/ClasspathTransformation done
Event: 0.794 loading class org/apache/maven/repository/metadata/ClasspathTransformation
Event: 0.794 loading class org/apache/maven/repository/metadata/ClasspathTransformation done


Dynamic libraries:
0x00007ff636280000 - 0x00007ff6362b7000 	C:\Program Files\Java\jdk1.8.0_111\bin\java.exe
0x00007ff9dd130000 - 0x00007ff9dd326000 	C:\Windows\SYSTEM32\ntdll.dll
0x00007ff9dd020000 - 0x00007ff9dd0dd000 	C:\Windows\System32\KERNEL32.DLL
0x00007ff9dab90000 - 0x00007ff9dae59000 	C:\Windows\System32\KERNELBASE.dll
0x00007ff9dbdc0000 - 0x00007ff9dbe6c000 	C:\Windows\System32\ADVAPI32.dll
0x00007ff9db190000 - 0x00007ff9db22e000 	C:\Windows\System32\msvcrt.dll
0x00007ff9db2a0000 - 0x00007ff9db33c000 	C:\Windows\System32\sechost.dll
0x00007ff9dbb60000 - 0x00007ff9dbc8b000 	C:\Windows\System32\RPCRT4.dll
0x00007ff9dcda0000 - 0x00007ff9dcf40000 	C:\Windows\System32\USER32.dll
0x00007ff9da8d0000 - 0x00007ff9da8f2000 	C:\Windows\System32\win32u.dll
0x00007ff9dc1f0000 - 0x00007ff9dc21a000 	C:\Windows\System32\GDI32.dll
0x00007ff9dae60000 - 0x00007ff9daf6b000 	C:\Windows\System32\gdi32full.dll
0x00007ff9db070000 - 0x00007ff9db10d000 	C:\Windows\System32\msvcp_win.dll
0x00007ff9da900000 - 0x00007ff9daa00000 	C:\Windows\System32\ucrtbase.dll
0x00007ff9c4110000 - 0x00007ff9c43ab000 	C:\Windows\WinSxS\amd64_microsoft.windows.common-controls_6595b64144ccf1df_6.0.19041.746_none_ca02b4b61b8320a4\COMCTL32.dll
0x00007ff9dc740000 - 0x00007ff9dc770000 	C:\Windows\System32\IMM32.DLL
0x00000000720d0000 - 0x00000000721a2000 	C:\Program Files\Java\jdk1.8.0_111\jre\bin\msvcr100.dll
0x0000000071030000 - 0x00000000718ca000 	C:\Program Files\Java\jdk1.8.0_111\jre\bin\server\jvm.dll
0x00007ff9db290000 - 0x00007ff9db298000 	C:\Windows\System32\PSAPI.DLL
0x00007ff9c6c20000 - 0x00007ff9c6c47000 	C:\Windows\SYSTEM32\WINMM.dll
0x00007ff9cd830000 - 0x00007ff9cd83a000 	C:\Windows\SYSTEM32\VERSION.dll
0x00007ff9d4010000 - 0x00007ff9d4019000 	C:\Windows\SYSTEM32\WSOCK32.dll
0x00007ff9dcb40000 - 0x00007ff9dcbab000 	C:\Windows\System32\WS2_32.dll
0x0000000071020000 - 0x000000007102f000 	C:\Program Files\Java\jdk1.8.0_111\jre\bin\verify.dll
0x0000000070ff0000 - 0x0000000071019000 	C:\Program Files\Java\jdk1.8.0_111\jre\bin\java.dll
0x0000000070fd0000 - 0x0000000070fe6000 	C:\Program Files\Java\jdk1.8.0_111\jre\bin\zip.dll
0x00007ff9db410000 - 0x00007ff9dbb53000 	C:\Windows\System32\SHELL32.dll
0x00007ff9d8610000 - 0x00007ff9d8d9f000 	C:\Windows\SYSTEM32\windows.storage.dll
0x00007ff9dc780000 - 0x00007ff9dcad6000 	C:\Windows\System32\combase.dll
0x00007ff9da2d0000 - 0x00007ff9da2fc000 	C:\Windows\SYSTEM32\Wldp.dll
0x00007ff9db360000 - 0x00007ff9db40e000 	C:\Windows\System32\SHCORE.dll
0x00007ff9dcae0000 - 0x00007ff9dcb35000 	C:\Windows\System32\shlwapi.dll
0x00007ff9da7a0000 - 0x00007ff9da7c6000 	C:\Windows\SYSTEM32\profapi.dll
0x00007ff9cf7c0000 - 0x00007ff9cf7ca000 	C:\apache-maven-3.6.3\lib\jansi-native\windows64\jansi.dll

VM Arguments:
jvm_args: -Dclassworlds.conf=C:\apache-maven-3.6.3\bin\..\bin\m2.conf -Dmaven.home=C:\apache-maven-3.6.3\bin\.. -Dlibrary.jansi.path=C:\apache-maven-3.6.3\bin\..\lib\jansi-native -Dmaven.multiModuleProjectDirectory=C:\Users\Adhi\Documents\GitHub\cv-library 
java_command: org.codehaus.plexus.classworlds.launcher.Launcher -Dexec.args=-Xdebug -Xrunjdwp:transport=dt_socket,server=n,address=61129 -classpath %classpath com.mii.cvlibraryclient.CvLibraryClientApplication -Dexec.executable=C:\Program Files\Java\jdk1.8.0_111\bin\java.exe -Djpda.listen=true -Djpda.address=61129 -Dmaven.ext.class.path=C:\Program Files\NetBeans 8.2\java\maven-nblib\netbeans-eventspy.jar -Dfile.encoding=UTF-8 org.codehaus.mojo:exec-maven-plugin:1.2.1:exec
java_class_path (initial): C:\apache-maven-3.6.3\bin\..\boot\plexus-classworlds-2.6.0.jar
Launcher Type: SUN_STANDARD

Environment Variables:
JAVA_HOME=C:\Program Files\Java\jdk1.8.0_111
PATH=C:\ProgramData\Oracle\Java\javapath;C:\oraclexe\app\oracle\product\11.2.0\server\bin;C:\Windows\system32;C:\Windows;C:\Windows\System32\Wbem;C:\Windows\System32\WindowsPowerShell\v1.0\;C:\Windows\System32\OpenSSH\;C:\Program Files (x86)\NVIDIA Corporation\PhysX\Common;C:\Program Files\Git\cmd;C:\Users\Adhi\AppData\Local\Microsoft\WindowsApps;C:\Users\Adhi\AppData\Local\GitHubDesktop\bin
USERNAME=Adhi
OS=Windows_NT
PROCESSOR_IDENTIFIER=Intel64 Family 6 Model 142 Stepping 10, GenuineIntel



---------------  S Y S T E M  ---------------

OS: Windows 10.0 , 64 bit Build 19041 (10.0.19041.662)

CPU:total 8 (4 cores per cpu, 2 threads per core) family 6 model 142 stepping 10, cmov, cx8, fxsr, mmx, sse, sse2, sse3, ssse3, sse4.1, sse4.2, popcnt, avx, avx2, aes, clmul, erms, 3dnowpref, lzcnt, ht, tsc, tscinvbit, bmi1, bmi2, adx

Memory: 4k page, physical 8270052k(1204104k free), swap 12464356k(2576k free)

vm_info: Java HotSpot(TM) 64-Bit Server VM (25.111-b14) for windows-amd64 JRE (1.8.0_111-b14), built on Sep 22 2016 19:24:05 by "java_re" with MS VC++ 10.0 (VS2010)

time: Tue Feb 02 16:05:16 2021
elapsed time: 0 seconds (0d 0h 0m 0s)

