#
# There is insufficient memory for the Java Runtime Environment to continue.
# Native memory allocation (malloc) failed to allocate 262880 bytes for Chunk::new
# Possible reasons:
#   The system is out of physical RAM or swap space
#   In 32 bit mode, the process size limit was hit
# Possible solutions:
#   Reduce memory load on the system
#   Increase physical memory or swap space
#   Check if swap backing store is full
#   Use 64 bit Java on a 64 bit OS
#   Decrease Java heap size (-Xmx/-Xms)
#   Decrease number of Java threads
#   Decrease Java thread stack sizes (-Xss)
#   Set larger code cache with -XX:ReservedCodeCacheSize=
# This output file may be truncated or incomplete.
#
#  Out of Memory Error (allocation.cpp:390), pid=6644, tid=0x00000000000022ac
#
# JRE version: Java(TM) SE Runtime Environment (8.0_111-b14) (build 1.8.0_111-b14)
# Java VM: Java HotSpot(TM) 64-Bit Server VM (25.111-b14 mixed mode windows-amd64 compressed oops)
# Failed to write core dump. Minidumps are not enabled by default on client versions of Windows
#

---------------  T H R E A D  ---------------

Current thread (0x00000000196d8800):  JavaThread "C2 CompilerThread2" daemon [_thread_in_native, id=8876, stack(0x000000001a080000,0x000000001a180000)]

Stack: [0x000000001a080000,0x000000001a180000]
[error occurred during error reporting (printing stack bounds), id 0xc0000005]

Native frames: (J=compiled Java code, j=interpreted, Vv=VM code, C=native code)


Current CompileTask:
C2:3853746 8856   !   4       java.util.concurrent.ThreadPoolExecutor::getTask (179 bytes)


---------------  P R O C E S S  ---------------

Java Threads: ( => current thread )
  0x000000001ebee800 JavaThread "http-nio-8020-Acceptor" daemon [_thread_in_native, id=13040, stack(0x0000000024540000,0x0000000024640000)]
  0x000000001ebec800 JavaThread "http-nio-8020-ClientPoller" daemon [_thread_in_native, id=3668, stack(0x0000000024340000,0x0000000024440000)]
  0x000000001ebee000 JavaThread "http-nio-8020-exec-10" daemon [_thread_blocked, id=3492, stack(0x0000000024040000,0x0000000024140000)]
  0x000000001ebeb800 JavaThread "http-nio-8020-exec-9" daemon [_thread_blocked, id=9840, stack(0x0000000023b40000,0x0000000023c40000)]
  0x000000001ebed000 JavaThread "http-nio-8020-exec-8" daemon [_thread_blocked, id=1576, stack(0x0000000023a40000,0x0000000023b40000)]
  0x000000001ebeb000 JavaThread "http-nio-8020-exec-7" daemon [_thread_blocked, id=5676, stack(0x0000000023940000,0x0000000023a40000)]
  0x000000001ebea000 JavaThread "http-nio-8020-exec-6" daemon [_thread_blocked, id=13420, stack(0x0000000023840000,0x0000000023940000)]
  0x000000001ebe2800 JavaThread "http-nio-8020-exec-5" daemon [_thread_blocked, id=13444, stack(0x0000000023740000,0x0000000023840000)]
  0x000000001ebe9800 JavaThread "http-nio-8020-exec-4" daemon [_thread_blocked, id=1264, stack(0x0000000023640000,0x0000000023740000)]
  0x000000001ebe8000 JavaThread "http-nio-8020-exec-3" daemon [_thread_blocked, id=6876, stack(0x0000000023540000,0x0000000023640000)]
  0x000000001ebe8800 JavaThread "http-nio-8020-exec-2" daemon [_thread_blocked, id=13748, stack(0x0000000023240000,0x0000000023340000)]
  0x000000001ebe0800 JavaThread "http-nio-8020-exec-1" daemon [_thread_blocked, id=3060, stack(0x0000000023040000,0x0000000023140000)]
  0x000000001ebe7000 JavaThread "http-nio-8020-BlockPoller" daemon [_thread_in_native, id=16096, stack(0x0000000022f40000,0x0000000023040000)]
  0x000000001ebe6800 JavaThread "File Watcher" daemon [_thread_in_native, id=11256, stack(0x0000000021b90000,0x0000000021c90000)]
  0x000000001ebe2000 JavaThread "container-0" [_thread_blocked, id=15524, stack(0x0000000021a90000,0x0000000021b90000)]
  0x000000001ebe1000 JavaThread "Catalina-utility-2" [_thread_blocked, id=2472, stack(0x000000001f720000,0x000000001f820000)]
  0x000000001ebe5800 JavaThread "Catalina-utility-1" [_thread_blocked, id=13652, stack(0x000000001f370000,0x000000001f470000)]
  0x000000001ebe3800 JavaThread "DestroyJavaVM" [_thread_blocked, id=16388, stack(0x0000000002640000,0x0000000002740000)]
  0x0000000019753000 JavaThread "Service Thread" daemon [_thread_blocked, id=12976, stack(0x000000001a280000,0x000000001a380000)]
  0x00000000196f4800 JavaThread "C1 CompilerThread3" daemon [_thread_blocked, id=15868, stack(0x000000001a180000,0x000000001a280000)]
=>0x00000000196d8800 JavaThread "C2 CompilerThread2" daemon [_thread_in_native, id=8876, stack(0x000000001a080000,0x000000001a180000)]
  0x00000000196b5000 JavaThread "C2 CompilerThread1" daemon [_thread_blocked, id=9544, stack(0x0000000019f80000,0x000000001a080000)]
  0x00000000196af800 JavaThread "C2 CompilerThread0" daemon [_thread_blocked, id=13328, stack(0x0000000019e80000,0x0000000019f80000)]
  0x00000000196ad000 JavaThread "Attach Listener" daemon [_thread_blocked, id=16100, stack(0x0000000019d80000,0x0000000019e80000)]
  0x00000000196ac000 JavaThread "Signal Dispatcher" daemon [_thread_blocked, id=13372, stack(0x0000000019c80000,0x0000000019d80000)]
  0x00000000196a0800 JavaThread "Finalizer" daemon [_thread_blocked, id=8604, stack(0x0000000019a80000,0x0000000019b80000)]
  0x0000000002839000 JavaThread "Reference Handler" daemon [_thread_blocked, id=880, stack(0x0000000019580000,0x0000000019680000)]

Other Threads:
  0x00000000177b9000 VMThread [stack: 0x0000000019480000,0x0000000019580000] [id=6220]
  0x0000000019756000 WatcherThread [stack: 0x000000001a380000,0x000000001a480000] [id=12580]

VM state:not at safepoint (normal execution)

VM Mutex/Monitor currently owned by a thread: None

Heap:
 PSYoungGen      total 33280K, used 24395K [0x00000000d5f00000, 0x00000000d8100000, 0x0000000100000000)
  eden space 31744K, 74% used [0x00000000d5f00000,0x00000000d75f2f40,0x00000000d7e00000)
  from space 1536K, 58% used [0x00000000d7f80000,0x00000000d8060000,0x00000000d8100000)
  to   space 1536K, 0% used [0x00000000d7e00000,0x00000000d7e00000,0x00000000d7f80000)
 ParOldGen       total 86016K, used 24560K [0x0000000081c00000, 0x0000000087000000, 0x00000000d5f00000)
  object space 86016K, 28% used [0x0000000081c00000,0x00000000833fc2d8,0x0000000087000000)
 Metaspace       used 42445K, capacity 46038K, committed 46296K, reserved 1089536K
  class space    used 5264K, capacity 6047K, committed 6144K, reserved 1048576K

Card table byte_map: [0x0000000011c00000,0x0000000012000000] byte_map_base: 0x00000000117f2000

Marking Bits: (ParMarkBitMap*) 0x0000000070f2a6c0
 Begin Bits: [0x0000000012ab0000, 0x0000000014a40000)
 End Bits:   [0x0000000014a40000, 0x00000000169d0000)

Polling page: 0x0000000000920000

CodeCache: size=245760Kb used=27565Kb max_used=27631Kb free=218194Kb
 bounds [0x0000000002840000, 0x0000000004370000, 0x0000000011840000]
 total_blobs=7702 nmethods=7239 adapters=374
 compilation: enabled

Compilation events (10 events):
Event: 3702.715 Thread 0x00000000196af800 nmethod 8851 0x0000000002ae4b90 code [0x0000000002ae4ce0, 0x0000000002ae4e48]
Event: 3786.266 Thread 0x00000000196d8800 8852       4       java.util.HashMap$KeySet::contains (9 bytes)
Event: 3786.267 Thread 0x00000000196b5000 8853       4       org.springframework.boot.devtools.filewatch.FileSystemWatcher$Watcher::isDifferent (105 bytes)
Event: 3786.269 Thread 0x00000000196d8800 nmethod 8852 0x0000000002d13190 code [0x0000000002d13300, 0x0000000002d13618]
Event: 3786.316 Thread 0x00000000196b5000 nmethod 8853 0x0000000004363dd0 code [0x0000000004364200, 0x00000000043669a8]
Event: 3839.713 Thread 0x00000000196af800 8854       4       java.util.concurrent.locks.AbstractQueuedSynchronizer$ConditionObject::await (98 bytes)
Event: 3839.725 Thread 0x00000000196af800 nmethod 8854 0x0000000004362290 code [0x00000000043624a0, 0x0000000004363190]
Event: 3850.713 Thread 0x00000000196b5000 8855       4       java.util.concurrent.ThreadPoolExecutor$Worker::lock (6 bytes)
Event: 3850.714 Thread 0x00000000196b5000 nmethod 8855 0x000000000319bd90 code [0x000000000319bec0, 0x000000000319bf78]
Event: 3853.712 Thread 0x00000000196d8800 8856   !   4       java.util.concurrent.ThreadPoolExecutor::getTask (179 bytes)

GC Heap History (10 events):
Event: 3812.514 GC heap before
{Heap before GC invocations=336 (full 12):
 PSYoungGen      total 33280K, used 32416K [0x00000000d5f00000, 0x00000000d8100000, 0x0000000100000000)
  eden space 31744K, 100% used [0x00000000d5f00000,0x00000000d7e00000,0x00000000d7e00000)
  from space 1536K, 43% used [0x00000000d7e00000,0x00000000d7ea8000,0x00000000d7f80000)
  to   space 1536K, 0% used [0x00000000d7f80000,0x00000000d7f80000,0x00000000d8100000)
 ParOldGen       total 86016K, used 24560K [0x0000000081c00000, 0x0000000087000000, 0x00000000d5f00000)
  object space 86016K, 28% used [0x0000000081c00000,0x00000000833fc2d8,0x0000000087000000)
 Metaspace       used 42445K, capacity 46038K, committed 46296K, reserved 1089536K
  class space    used 5264K, capacity 6047K, committed 6144K, reserved 1048576K
Event: 3812.516 GC heap after
Heap after GC invocations=336 (full 12):
 PSYoungGen      total 33280K, used 960K [0x00000000d5f00000, 0x00000000d8100000, 0x0000000100000000)
  eden space 31744K, 0% used [0x00000000d5f00000,0x00000000d5f00000,0x00000000d7e00000)
  from space 1536K, 62% used [0x00000000d7f80000,0x00000000d8070000,0x00000000d8100000)
  to   space 1536K, 0% used [0x00000000d7e00000,0x00000000d7e00000,0x00000000d7f80000)
 ParOldGen       total 86016K, used 24560K [0x0000000081c00000, 0x0000000087000000, 0x00000000d5f00000)
  object space 86016K, 28% used [0x0000000081c00000,0x00000000833fc2d8,0x0000000087000000)
 Metaspace       used 42445K, capacity 46038K, committed 46296K, reserved 1089536K
  class space    used 5264K, capacity 6047K, committed 6144K, reserved 1048576K
}
Event: 3821.199 GC heap before
{Heap before GC invocations=337 (full 12):
 PSYoungGen      total 33280K, used 32704K [0x00000000d5f00000, 0x00000000d8100000, 0x0000000100000000)
  eden space 31744K, 100% used [0x00000000d5f00000,0x00000000d7e00000,0x00000000d7e00000)
  from space 1536K, 62% used [0x00000000d7f80000,0x00000000d8070000,0x00000000d8100000)
  to   space 1536K, 0% used [0x00000000d7e00000,0x00000000d7e00000,0x00000000d7f80000)
 ParOldGen       total 86016K, used 24560K [0x0000000081c00000, 0x0000000087000000, 0x00000000d5f00000)
  object space 86016K, 28% used [0x0000000081c00000,0x00000000833fc2d8,0x0000000087000000)
 Metaspace       used 42445K, capacity 46038K, committed 46296K, reserved 1089536K
  class space    used 5264K, capacity 6047K, committed 6144K, reserved 1048576K
Event: 3821.202 GC heap after
Heap after GC invocations=337 (full 12):
 PSYoungGen      total 33280K, used 960K [0x00000000d5f00000, 0x00000000d8100000, 0x0000000100000000)
  eden space 31744K, 0% used [0x00000000d5f00000,0x00000000d5f00000,0x00000000d7e00000)
  from space 1536K, 62% used [0x00000000d7e00000,0x00000000d7ef0000,0x00000000d7f80000)
  to   space 1536K, 0% used [0x00000000d7f80000,0x00000000d7f80000,0x00000000d8100000)
 ParOldGen       total 86016K, used 24560K [0x0000000081c00000, 0x0000000087000000, 0x00000000d5f00000)
  object space 86016K, 28% used [0x0000000081c00000,0x00000000833fc2d8,0x0000000087000000)
 Metaspace       used 42445K, capacity 46038K, committed 46296K, reserved 1089536K
  class space    used 5264K, capacity 6047K, committed 6144K, reserved 1048576K
}
Event: 3830.746 GC heap before
{Heap before GC invocations=338 (full 12):
 PSYoungGen      total 33280K, used 32704K [0x00000000d5f00000, 0x00000000d8100000, 0x0000000100000000)
  eden space 31744K, 100% used [0x00000000d5f00000,0x00000000d7e00000,0x00000000d7e00000)
  from space 1536K, 62% used [0x00000000d7e00000,0x00000000d7ef0000,0x00000000d7f80000)
  to   space 1536K, 0% used [0x00000000d7f80000,0x00000000d7f80000,0x00000000d8100000)
 ParOldGen       total 86016K, used 24560K [0x0000000081c00000, 0x0000000087000000, 0x00000000d5f00000)
  object space 86016K, 28% used [0x0000000081c00000,0x00000000833fc2d8,0x0000000087000000)
 Metaspace       used 42445K, capacity 46038K, committed 46296K, reserved 1089536K
  class space    used 5264K, capacity 6047K, committed 6144K, reserved 1048576K
Event: 3830.748 GC heap after
Heap after GC invocations=338 (full 12):
 PSYoungGen      total 33280K, used 512K [0x00000000d5f00000, 0x00000000d8100000, 0x0000000100000000)
  eden space 31744K, 0% used [0x00000000d5f00000,0x00000000d5f00000,0x00000000d7e00000)
  from space 1536K, 33% used [0x00000000d7f80000,0x00000000d8000000,0x00000000d8100000)
  to   space 1536K, 0% used [0x00000000d7e00000,0x00000000d7e00000,0x00000000d7f80000)
 ParOldGen       total 86016K, used 24560K [0x0000000081c00000, 0x0000000087000000, 0x00000000d5f00000)
  object space 86016K, 28% used [0x0000000081c00000,0x00000000833fc2d8,0x0000000087000000)
 Metaspace       used 42445K, capacity 46038K, committed 46296K, reserved 1089536K
  class space    used 5264K, capacity 6047K, committed 6144K, reserved 1048576K
}
Event: 3839.404 GC heap before
{Heap before GC invocations=339 (full 12):
 PSYoungGen      total 33280K, used 32256K [0x00000000d5f00000, 0x00000000d8100000, 0x0000000100000000)
  eden space 31744K, 100% used [0x00000000d5f00000,0x00000000d7e00000,0x00000000d7e00000)
  from space 1536K, 33% used [0x00000000d7f80000,0x00000000d8000000,0x00000000d8100000)
  to   space 1536K, 0% used [0x00000000d7e00000,0x00000000d7e00000,0x00000000d7f80000)
 ParOldGen       total 86016K, used 24560K [0x0000000081c00000, 0x0000000087000000, 0x00000000d5f00000)
  object space 86016K, 28% used [0x0000000081c00000,0x00000000833fc2d8,0x0000000087000000)
 Metaspace       used 42445K, capacity 46038K, committed 46296K, reserved 1089536K
  class space    used 5264K, capacity 6047K, committed 6144K, reserved 1048576K
Event: 3839.405 GC heap after
Heap after GC invocations=339 (full 12):
 PSYoungGen      total 33280K, used 960K [0x00000000d5f00000, 0x00000000d8100000, 0x0000000100000000)
  eden space 31744K, 0% used [0x00000000d5f00000,0x00000000d5f00000,0x00000000d7e00000)
  from space 1536K, 62% used [0x00000000d7e00000,0x00000000d7ef0000,0x00000000d7f80000)
  to   space 1536K, 0% used [0x00000000d7f80000,0x00000000d7f80000,0x00000000d8100000)
 ParOldGen       total 86016K, used 24560K [0x0000000081c00000, 0x0000000087000000, 0x00000000d5f00000)
  object space 86016K, 28% used [0x0000000081c00000,0x00000000833fc2d8,0x0000000087000000)
 Metaspace       used 42445K, capacity 46038K, committed 46296K, reserved 1089536K
  class space    used 5264K, capacity 6047K, committed 6144K, reserved 1048576K
}
Event: 3847.691 GC heap before
{Heap before GC invocations=340 (full 12):
 PSYoungGen      total 33280K, used 32704K [0x00000000d5f00000, 0x00000000d8100000, 0x0000000100000000)
  eden space 31744K, 100% used [0x00000000d5f00000,0x00000000d7e00000,0x00000000d7e00000)
  from space 1536K, 62% used [0x00000000d7e00000,0x00000000d7ef0000,0x00000000d7f80000)
  to   space 1536K, 0% used [0x00000000d7f80000,0x00000000d7f80000,0x00000000d8100000)
 ParOldGen       total 86016K, used 24560K [0x0000000081c00000, 0x0000000087000000, 0x00000000d5f00000)
  object space 86016K, 28% used [0x0000000081c00000,0x00000000833fc2d8,0x0000000087000000)
 Metaspace       used 42445K, capacity 46038K, committed 46296K, reserved 1089536K
  class space    used 5264K, capacity 6047K, committed 6144K, reserved 1048576K
Event: 3847.692 GC heap after
Heap after GC invocations=340 (full 12):
 PSYoungGen      total 33280K, used 896K [0x00000000d5f00000, 0x00000000d8100000, 0x0000000100000000)
  eden space 31744K, 0% used [0x00000000d5f00000,0x00000000d5f00000,0x00000000d7e00000)
  from space 1536K, 58% used [0x00000000d7f80000,0x00000000d8060000,0x00000000d8100000)
  to   space 1536K, 0% used [0x00000000d7e00000,0x00000000d7e00000,0x00000000d7f80000)
 ParOldGen       total 86016K, used 24560K [0x0000000081c00000, 0x0000000087000000, 0x00000000d5f00000)
  object space 86016K, 28% used [0x0000000081c00000,0x00000000833fc2d8,0x0000000087000000)
 Metaspace       used 42445K, capacity 46038K, committed 46296K, reserved 1089536K
  class space    used 5264K, capacity 6047K, committed 6144K, reserved 1048576K
}

Deoptimization events (10 events):
Event: 906.886 Thread 0x000000001ebe2000 Uncommon trap: reason=array_check action=maybe_recompile pc=0x00000000033100c8 method=java.util.TimSort.binarySort([Ljava/lang/Object;IIILjava/util/Comparator;)V @ 215
Event: 1204.905 Thread 0x000000001ebe2800 Uncommon trap: reason=unstable_if action=reinterpret pc=0x00000000039822cc method=java.util.concurrent.ConcurrentHashMap.replaceNode(Ljava/lang/Object;Ljava/lang/Object;Ljava/lang/Object;)Ljava/lang/Object; @ 99
Event: 1489.912 Thread 0x000000001ebe8800 Uncommon trap: reason=unstable_if action=reinterpret pc=0x000000000402098c method=java.util.concurrent.locks.ReentrantReadWriteLock$Sync.tryReleaseShared(I)Z @ 130
Event: 1493.755 Thread 0x000000001ebe2800 Uncommon trap: reason=unstable_if action=reinterpret pc=0x0000000003f82ccc method=org.attoparser.ParsingElementMarkupUtil.isElementName([CII)Z @ 20
Event: 1493.755 Thread 0x000000001ebe2800 Uncommon trap: reason=unstable_if action=reinterpret pc=0x0000000002995c5c method=org.attoparser.ParsingMarkupUtil.findNextStructureEndDontAvoidQuotes([CII[I)I @ 16
Event: 1527.625 Thread 0x000000001ebed000 Uncommon trap: reason=unstable_if action=reinterpret pc=0x00000000037e0820 method=java.util.Properties$LineReader.readLine()I @ 37
Event: 1527.625 Thread 0x000000001ebed000 Uncommon trap: reason=unstable_if action=reinterpret pc=0x0000000003445c3c method=java.util.Properties$LineReader.readLine()I @ 105
Event: 1527.627 Thread 0x000000001ebed000 Uncommon trap: reason=bimorphic action=maybe_recompile pc=0x0000000003db9e30 method=java.util.regex.Matcher.match(II)Z @ 86
Event: 1535.957 Thread 0x000000001ebe8800 Uncommon trap: reason=unstable_if action=reinterpret pc=0x0000000002942b58 method=java.lang.String$CaseInsensitiveComparator.compare(Ljava/lang/String;Ljava/lang/String;)I @ 70
Event: 1535.957 Thread 0x000000001ebe8800 Uncommon trap: reason=unstable_if action=reinterpret pc=0x000000000294dea0 method=java.lang.String$CaseInsensitiveComparator.compare(Ljava/lang/String;Ljava/lang/String;)I @ 70

Internal exceptions (10 events):
Event: 1645.047 Thread 0x000000001ebed000 Exception <a 'java/security/PrivilegedActionException'> (0x00000000d737d248) thrown at [C:\re\workspace\8-2-build-windows-amd64-cygwin\jdk8u111\7883\hotspot\src\share\vm\prims\jvm.cpp, line 1386]
Event: 1645.047 Thread 0x000000001ebed000 Exception <a 'java/security/PrivilegedActionException'> (0x00000000d737e510) thrown at [C:\re\workspace\8-2-build-windows-amd64-cygwin\jdk8u111\7883\hotspot\src\share\vm\prims\jvm.cpp, line 1386]
Event: 1645.047 Thread 0x000000001ebed000 Exception <a 'java/security/PrivilegedActionException'> (0x00000000d737f8d0) thrown at [C:\re\workspace\8-2-build-windows-amd64-cygwin\jdk8u111\7883\hotspot\src\share\vm\prims\jvm.cpp, line 1386]
Event: 1645.047 Thread 0x000000001ebed000 Exception <a 'java/security/PrivilegedActionException'> (0x00000000d7380b98) thrown at [C:\re\workspace\8-2-build-windows-amd64-cygwin\jdk8u111\7883\hotspot\src\share\vm\prims\jvm.cpp, line 1386]
Event: 1645.047 Thread 0x000000001ebed000 Exception <a 'java/security/PrivilegedActionException'> (0x00000000d7381f70) thrown at [C:\re\workspace\8-2-build-windows-amd64-cygwin\jdk8u111\7883\hotspot\src\share\vm\prims\jvm.cpp, line 1386]
Event: 1645.047 Thread 0x000000001ebed000 Exception <a 'java/security/PrivilegedActionException'> (0x00000000d7383238) thrown at [C:\re\workspace\8-2-build-windows-amd64-cygwin\jdk8u111\7883\hotspot\src\share\vm\prims\jvm.cpp, line 1386]
Event: 1645.047 Thread 0x000000001ebed000 Exception <a 'java/security/PrivilegedActionException'> (0x00000000d73845f8) thrown at [C:\re\workspace\8-2-build-windows-amd64-cygwin\jdk8u111\7883\hotspot\src\share\vm\prims\jvm.cpp, line 1386]
Event: 1645.047 Thread 0x000000001ebed000 Exception <a 'java/security/PrivilegedActionException'> (0x00000000d73858c0) thrown at [C:\re\workspace\8-2-build-windows-amd64-cygwin\jdk8u111\7883\hotspot\src\share\vm\prims\jvm.cpp, line 1386]
Event: 1645.051 Thread 0x000000001ebed000 Exception <a 'java/security/PrivilegedActionException'> (0x00000000d73f2230) thrown at [C:\re\workspace\8-2-build-windows-amd64-cygwin\jdk8u111\7883\hotspot\src\share\vm\prims\jvm.cpp, line 1386]
Event: 1645.051 Thread 0x000000001ebed000 Exception <a 'java/lang/reflect/InvocationTargetException'> (0x00000000d73f29f8) thrown at [C:\re\workspace\8-2-build-windows-amd64-cygwin\jdk8u111\7883\hotspot\src\share\vm\runtime\reflection.cpp, line 1092]

Events (10 events):
Event: 3830.746 Executing VM operation: ParallelGCFailedAllocation
Event: 3830.748 Executing VM operation: ParallelGCFailedAllocation done
Event: 3839.403 Executing VM operation: ParallelGCFailedAllocation
Event: 3839.405 Executing VM operation: ParallelGCFailedAllocation done
Event: 3839.726 Thread 0x00000000196af800 flushing nmethod 0x0000000003445010
Event: 3847.690 Executing VM operation: ParallelGCFailedAllocation
Event: 3847.692 Executing VM operation: ParallelGCFailedAllocation done
Event: 3850.714 Thread 0x00000000196b5000 flushing nmethod 0x00000000035f6dd0
Event: 3850.714 Thread 0x00000000196b5000 flushing nmethod 0x000000000362a6d0
Event: 3850.714 Thread 0x00000000196b5000 flushing nmethod 0x0000000003641110


Dynamic libraries:
0x00007ff788cc0000 - 0x00007ff788cf7000 	C:\Program Files\Java\jdk1.8.0_111\bin\java.exe
0x00007ffe77210000 - 0x00007ffe77406000 	C:\Windows\SYSTEM32\ntdll.dll
0x00007ffe769f0000 - 0x00007ffe76aad000 	C:\Windows\System32\KERNEL32.DLL
0x00007ffe74cb0000 - 0x00007ffe74f79000 	C:\Windows\System32\KERNELBASE.dll
0x00007ffe75e60000 - 0x00007ffe75f0c000 	C:\Windows\System32\ADVAPI32.dll
0x00007ffe76d40000 - 0x00007ffe76dde000 	C:\Windows\System32\msvcrt.dll
0x00007ffe75530000 - 0x00007ffe755cc000 	C:\Windows\System32\sechost.dll
0x00007ffe76780000 - 0x00007ffe768ab000 	C:\Windows\System32\RPCRT4.dll
0x00007ffe75840000 - 0x00007ffe759e0000 	C:\Windows\System32\USER32.dll
0x00007ffe751a0000 - 0x00007ffe751c2000 	C:\Windows\System32\win32u.dll
0x00007ffe755d0000 - 0x00007ffe755fa000 	C:\Windows\System32\GDI32.dll
0x00007ffe74f80000 - 0x00007ffe7508b000 	C:\Windows\System32\gdi32full.dll
0x00007ffe751d0000 - 0x00007ffe7526d000 	C:\Windows\System32\msvcp_win.dll
0x00007ffe74bb0000 - 0x00007ffe74cb0000 	C:\Windows\System32\ucrtbase.dll
0x00007ffe605d0000 - 0x00007ffe6086b000 	C:\Windows\WinSxS\amd64_microsoft.windows.common-controls_6595b64144ccf1df_6.0.19041.746_none_ca02b4b61b8320a4\COMCTL32.dll
0x00007ffe752f0000 - 0x00007ffe75320000 	C:\Windows\System32\IMM32.DLL
0x0000000071bd0000 - 0x0000000071ca2000 	C:\Program Files\Java\jdk1.8.0_111\jre\bin\msvcr100.dll
0x0000000070710000 - 0x0000000070faa000 	C:\Program Files\Java\jdk1.8.0_111\jre\bin\server\jvm.dll
0x00007ffe75400000 - 0x00007ffe75408000 	C:\Windows\System32\PSAPI.DLL
0x00007ffe68360000 - 0x00007ffe68369000 	C:\Windows\SYSTEM32\WSOCK32.dll
0x00007ffe768b0000 - 0x00007ffe7691b000 	C:\Windows\System32\WS2_32.dll
0x00007ffe60980000 - 0x00007ffe609a7000 	C:\Windows\SYSTEM32\WINMM.dll
0x00007ffe66420000 - 0x00007ffe6642a000 	C:\Windows\SYSTEM32\VERSION.dll
0x0000000072100000 - 0x000000007210f000 	C:\Program Files\Java\jdk1.8.0_111\jre\bin\verify.dll
0x00000000706a0000 - 0x00000000706c9000 	C:\Program Files\Java\jdk1.8.0_111\jre\bin\java.dll
0x0000000071bb0000 - 0x0000000071bc6000 	C:\Program Files\Java\jdk1.8.0_111\jre\bin\zip.dll
0x00007ffe76030000 - 0x00007ffe76773000 	C:\Windows\System32\SHELL32.dll
0x00007ffe72a90000 - 0x00007ffe7321f000 	C:\Windows\SYSTEM32\windows.storage.dll
0x00007ffe76de0000 - 0x00007ffe77136000 	C:\Windows\System32\combase.dll
0x00007ffe743b0000 - 0x00007ffe743dc000 	C:\Windows\SYSTEM32\Wldp.dll
0x00007ffe75f10000 - 0x00007ffe75fbe000 	C:\Windows\System32\SHCORE.dll
0x00007ffe76ab0000 - 0x00007ffe76b05000 	C:\Windows\System32\shlwapi.dll
0x00007ffe74880000 - 0x00007ffe748a6000 	C:\Windows\SYSTEM32\profapi.dll
0x00000000720f0000 - 0x00000000720fd000 	C:\Program Files\Java\jdk1.8.0_111\jre\bin\management.dll
0x0000000070680000 - 0x000000007069a000 	C:\Program Files\Java\jdk1.8.0_111\jre\bin\net.dll
0x00007ffe74130000 - 0x00007ffe7419a000 	C:\Windows\system32\mswsock.dll
0x00007ffe4ade0000 - 0x00007ffe4adf7000 	C:\Windows\system32\napinsp.dll
0x00007ffe4ad10000 - 0x00007ffe4ad2b000 	C:\Windows\system32\pnrpnsp.dll
0x00007ffe6eef0000 - 0x00007ffe6ef05000 	C:\Windows\system32\wshbth.dll
0x00007ffe6f9f0000 - 0x00007ffe6fa0d000 	C:\Windows\system32\NLAapi.dll
0x00007ffe73dd0000 - 0x00007ffe73e0b000 	C:\Windows\SYSTEM32\IPHLPAPI.DLL
0x00007ffe73e10000 - 0x00007ffe73edb000 	C:\Windows\SYSTEM32\DNSAPI.dll
0x00007ffe75fc0000 - 0x00007ffe75fc8000 	C:\Windows\System32\NSI.dll
0x00007ffe4acb0000 - 0x00007ffe4acc2000 	C:\Windows\System32\winrnr.dll
0x00007ffe66410000 - 0x00007ffe6641a000 	C:\Windows\System32\rasadhlp.dll
0x00007ffe626c0000 - 0x00007ffe6273f000 	C:\Windows\System32\fwpuclnt.dll
0x00007ffe75110000 - 0x00007ffe75137000 	C:\Windows\System32\bcrypt.dll
0x0000000070660000 - 0x0000000070671000 	C:\Program Files\Java\jdk1.8.0_111\jre\bin\nio.dll
0x00007ffe74310000 - 0x00007ffe74328000 	C:\Windows\SYSTEM32\CRYPTSP.dll
0x00007ffe73a60000 - 0x00007ffe73a94000 	C:\Windows\system32\rsaenh.dll
0x00007ffe74840000 - 0x00007ffe7486e000 	C:\Windows\SYSTEM32\USERENV.dll
0x00007ffe75090000 - 0x00007ffe75110000 	C:\Windows\System32\bcryptprimitives.dll
0x00007ffe74300000 - 0x00007ffe7430c000 	C:\Windows\SYSTEM32\CRYPTBASE.dll
0x00007ffe66220000 - 0x00007ffe66237000 	C:\Windows\SYSTEM32\dhcpcsvc6.DLL
0x00007ffe66310000 - 0x00007ffe6632d000 	C:\Windows\SYSTEM32\dhcpcsvc.DLL

VM Arguments:
java_command: com.mii.cvlibraryclient.CvLibraryClientApplication
java_class_path (initial): C:\Users\Adhi\Documents\Metrodata Coding Camp\Backup\cv-library-client\target\classes;C:\Users\Adhi\.m2\repository\org\springframework\boot\spring-boot-starter-security\2.4.2\spring-boot-starter-security-2.4.2.jar;C:\Users\Adhi\.m2\repository\org\springframework\boot\spring-boot-starter\2.4.2\spring-boot-starter-2.4.2.jar;C:\Users\Adhi\.m2\repository\org\springframework\boot\spring-boot-starter-logging\2.4.2\spring-boot-starter-logging-2.4.2.jar;C:\Users\Adhi\.m2\repository\ch\qos\logback\logback-classic\1.2.3\logback-classic-1.2.3.jar;C:\Users\Adhi\.m2\repository\ch\qos\logback\logback-core\1.2.3\logback-core-1.2.3.jar;C:\Users\Adhi\.m2\repository\org\apache\logging\log4j\log4j-to-slf4j\2.13.3\log4j-to-slf4j-2.13.3.jar;C:\Users\Adhi\.m2\repository\org\apache\logging\log4j\log4j-api\2.13.3\log4j-api-2.13.3.jar;C:\Users\Adhi\.m2\repository\org\slf4j\jul-to-slf4j\1.7.30\jul-to-slf4j-1.7.30.jar;C:\Users\Adhi\.m2\repository\jakarta\annotation\jakarta.annotation-api\1.3.5\jakarta.annotation-api-1.3.5.jar;C:\Users\Adhi\.m2\repository\org\yaml\snakeyaml\1.27\snakeyaml-1.27.jar;C:\Users\Adhi\.m2\repository\org\springframework\spring-aop\5.3.3\spring-aop-5.3.3.jar;C:\Users\Adhi\.m2\repository\org\springframework\spring-beans\5.3.3\spring-beans-5.3.3.jar;C:\Users\Adhi\.m2\repository\org\springframework\security\spring-security-config\5.4.2\spring-security-config-5.4.2.jar;C:\Users\Adhi\.m2\repository\org\springframework\spring-context\5.3.3\spring-context-5.3.3.jar;C:\Users\Adhi\.m2\repository\org\springframework\security\spring-security-web\5.4.2\spring-security-web-5.4.2.jar;C:\Users\Adhi\.m2\repository\org\springframework\spring-expression\5.3.3\spring-expression-5.3.3.jar;C:\Users\Adhi\.m2\repository\org\springframework\boot\spring-boot-starter-thymeleaf\2.4.2\spring-boot-starter-thymeleaf-2.4.2.jar;C:\Users\Adhi\.m2\repository\org\thymeleaf\thymeleaf-spring5\3.0.12.RELEASE\thymeleaf-spring5-3.0.12.RELEASE.jar;C:\Users\Adhi\.m2\repository\org\
Launcher Type: SUN_STANDARD

Environment Variables:
JAVA_HOME=C:\Program Files\Java\jdk1.8.0_111
PATH=C:\ProgramData\Oracle\Java\javapath;C:\oraclexe\app\oracle\product\11.2.0\server\bin;C:\Windows\system32;C:\Windows;C:\Windows\System32\Wbem;C:\Windows\System32\WindowsPowerShell\v1.0\;C:\Windows\System32\OpenSSH\;C:\Program Files (x86)\NVIDIA Corporation\PhysX\Common;C:\Program Files\Git\cmd;C:\Users\Adhi\AppData\Local\Microsoft\WindowsApps;C:\Users\Adhi\AppData\Local\GitHubDesktop\bin
USERNAME=Adhi
OS=Windows_NT
PROCESSOR_IDENTIFIER=Intel64 Family 6 Model 142 Stepping 10, GenuineIntel



---------------  S Y S T E M  ---------------

OS: Windows 10.0 , 64 bit Build 19041 (10.0.19041.662)

CPU:total 8 (4 cores per cpu, 2 threads per core) family 6 model 142 stepping 10, cmov, cx8, fxsr, mmx, sse, sse2, sse3, ssse3, sse4.1, sse4.2, popcnt, avx, avx2, aes, clmul, erms, 3dnowpref, lzcnt, ht, tsc, tscinvbit, bmi1, bmi2, adx

Memory: 4k page, physical 8270052k(1502536k free), swap 12464356k(4364k free)

vm_info: Java HotSpot(TM) 64-Bit Server VM (25.111-b14) for windows-amd64 JRE (1.8.0_111-b14), built on Sep 22 2016 19:24:05 by "java_re" with MS VC++ 10.0 (VS2010)

time: Wed Jan 27 10:07:05 2021
elapsed time: 3853 seconds (0d 1h 4m 13s)

