#
# There is insufficient memory for the Java Runtime Environment to continue.
# Native memory allocation (malloc) failed to allocate 131088 bytes for Chunk::new
# Possible reasons:
#   The system is out of physical RAM or swap space
#   In 32 bit mode, the process size limit was hit
# Possible solutions:
#   Reduce memory load on the system
#   Increase physical memory or swap space
#   Check if swap backing store is full
#   Use 64 bit Java on a 64 bit OS
#   Decrease Java heap size (-Xmx/-Xms)
#   Decrease number of Java threads
#   Decrease Java thread stack sizes (-Xss)
#   Set larger code cache with -XX:ReservedCodeCacheSize=
# This output file may be truncated or incomplete.
#
#  Out of Memory Error (allocation.cpp:390), pid=16872, tid=0x000000000000036c
#
# JRE version: Java(TM) SE Runtime Environment (8.0_111-b14) (build 1.8.0_111-b14)
# Java VM: Java HotSpot(TM) 64-Bit Server VM (25.111-b14 mixed mode windows-amd64 compressed oops)
# Failed to write core dump. Minidumps are not enabled by default on client versions of Windows
#

---------------  T H R E A D  ---------------

Current thread (0x0000000019a2f800):  JavaThread "C2 CompilerThread1" daemon [_thread_in_native, id=876, stack(0x000000001a300000,0x000000001a400000)]

Stack: [0x000000001a300000,0x000000001a400000]
[error occurred during error reporting (printing stack bounds), id 0xc0000005]

Native frames: (J=compiled Java code, j=interpreted, Vv=VM code, C=native code)


Current CompileTask:
C2:   1827 1481       4       java.net.URLClassLoader$1::run (5 bytes)


---------------  P R O C E S S  ---------------

Java Threads: ( => current thread )
  0x0000000019abe800 JavaThread "Service Thread" daemon [_thread_blocked, id=12352, stack(0x000000001a600000,0x000000001a700000)]
  0x0000000019a44800 JavaThread "C1 CompilerThread3" daemon [_thread_blocked, id=5496, stack(0x000000001a500000,0x000000001a600000)]
  0x0000000019a35000 JavaThread "C2 CompilerThread2" daemon [_thread_blocked, id=6296, stack(0x000000001a400000,0x000000001a500000)]
=>0x0000000019a2f800 JavaThread "C2 CompilerThread1" daemon [_thread_in_native, id=876, stack(0x000000001a300000,0x000000001a400000)]
  0x0000000019a2b000 JavaThread "C2 CompilerThread0" daemon [_thread_blocked, id=6500, stack(0x000000001a200000,0x000000001a300000)]
  0x0000000019a29000 JavaThread "Attach Listener" daemon [_thread_blocked, id=3532, stack(0x000000001a100000,0x000000001a200000)]
  0x0000000019a27000 JavaThread "Signal Dispatcher" daemon [_thread_blocked, id=7496, stack(0x000000001a000000,0x000000001a100000)]
  0x0000000019a20800 JavaThread "Finalizer" daemon [_thread_blocked, id=932, stack(0x0000000019e00000,0x0000000019f00000)]
  0x0000000002b66800 JavaThread "Reference Handler" daemon [_thread_blocked, id=14732, stack(0x0000000019900000,0x0000000019a00000)]
  0x0000000002a6d800 JavaThread "main" [_thread_in_vm, id=17004, stack(0x0000000002940000,0x0000000002a40000)]

Other Threads:
  0x0000000017b1a000 VMThread [stack: 0x0000000019800000,0x0000000019900000] [id=10924]
  0x0000000019aea800 WatcherThread [stack: 0x000000001a700000,0x000000001a800000] [id=9332]

VM state:not at safepoint (normal execution)

VM Mutex/Monitor currently owned by a thread: None

Heap:
 PSYoungGen      total 38400K, used 19406K [0x00000000d5f00000, 0x00000000daa00000, 0x0000000100000000)
  eden space 33280K, 43% used [0x00000000d5f00000,0x00000000d6cf9d90,0x00000000d7f80000)
  from space 5120K, 99% used [0x00000000d8480000,0x00000000d8979d30,0x00000000d8980000)
  to   space 5120K, 0% used [0x00000000d7f80000,0x00000000d7f80000,0x00000000d8480000)
 ParOldGen       total 87552K, used 2626K [0x0000000081c00000, 0x0000000087180000, 0x00000000d5f00000)
  object space 87552K, 3% used [0x0000000081c00000,0x0000000081e90a58,0x0000000087180000)
 Metaspace       used 13806K, capacity 14052K, committed 14208K, reserved 1060864K
  class space    used 1730K, capacity 1812K, committed 1920K, reserved 1048576K

Card table byte_map: [0x0000000011f30000,0x0000000012330000] byte_map_base: 0x0000000011b22000

Marking Bits: (ParMarkBitMap*) 0x0000000070f2a6c0
 Begin Bits: [0x0000000012de0000, 0x0000000014d70000)
 End Bits:   [0x0000000014d70000, 0x0000000016d00000)

Polling page: 0x00000000010a0000

CodeCache: size=245760Kb used=5162Kb max_used=5188Kb free=240597Kb
 bounds [0x0000000002b70000, 0x0000000003090000, 0x0000000011b70000]
 total_blobs=1830 nmethods=1494 adapters=248
 compilation: enabled

Compilation events (10 events):
Event: 1.778 Thread 0x0000000019a44800 nmethod 1492 0x000000000307cd10 code [0x000000000307ce80, 0x000000000307d168]
Event: 1.778 Thread 0x0000000019a44800 1493       3       java.util.LinkedHashMap$LinkedEntryIterator::next (5 bytes)
Event: 1.779 Thread 0x0000000019a44800 nmethod 1493 0x000000000307c910 code [0x000000000307ca80, 0x000000000307cc88]
Event: 1.780 Thread 0x0000000019a44800 1494       3       java.lang.String::codePointAt (36 bytes)
Event: 1.780 Thread 0x0000000019a44800 nmethod 1494 0x000000000307c390 code [0x000000000307c520, 0x000000000307c7d8]
Event: 1.780 Thread 0x0000000019a44800 1495       3       java.util.regex.Pattern::peek (26 bytes)
Event: 1.781 Thread 0x0000000019a44800 nmethod 1495 0x000000000307be50 code [0x000000000307bfc0, 0x000000000307c268]
Event: 1.784 Thread 0x0000000019a2b000 

Event: 1.825 Thread 0x0000000019a44800 1496       3       java.util.regex.Pattern$BmpCharProperty::match (50 bytes)
Event: 1.825 Thread 0x0000000019a44800 nmethod 1496 0x000000000307df50 code [0x000000000307e0e0, 0x000000000307e588]

GC Heap History (4 events):
Event: 0.741 GC heap before
{Heap before GC invocations=1 (full 0):
 PSYoungGen      total 38400K, used 33280K [0x00000000d5f00000, 0x00000000d8980000, 0x0000000100000000)
  eden space 33280K, 100% used [0x00000000d5f00000,0x00000000d7f80000,0x00000000d7f80000)
  from space 5120K, 0% used [0x00000000d8480000,0x00000000d8480000,0x00000000d8980000)
  to   space 5120K, 0% used [0x00000000d7f80000,0x00000000d7f80000,0x00000000d8480000)
 ParOldGen       total 87552K, used 0K [0x0000000081c00000, 0x0000000087180000, 0x00000000d5f00000)
  object space 87552K, 0% used [0x0000000081c00000,0x0000000081c00000,0x0000000087180000)
 Metaspace       used 8446K, capacity 8540K, committed 8832K, reserved 1056768K
  class space    used 1027K, capacity 1080K, committed 1152K, reserved 1048576K
Event: 0.748 GC heap after
Heap after GC invocations=1 (full 0):
 PSYoungGen      total 38400K, used 5111K [0x00000000d5f00000, 0x00000000d8980000, 0x0000000100000000)
  eden space 33280K, 0% used [0x00000000d5f00000,0x00000000d5f00000,0x00000000d7f80000)
  from space 5120K, 99% used [0x00000000d7f80000,0x00000000d847ddb8,0x00000000d8480000)
  to   space 5120K, 0% used [0x00000000d8480000,0x00000000d8480000,0x00000000d8980000)
 ParOldGen       total 87552K, used 597K [0x0000000081c00000, 0x0000000087180000, 0x00000000d5f00000)
  object space 87552K, 0% used [0x0000000081c00000,0x0000000081c956a8,0x0000000087180000)
 Metaspace       used 8446K, capacity 8540K, committed 8832K, reserved 1056768K
  class space    used 1027K, capacity 1080K, committed 1152K, reserved 1048576K
}
Event: 1.392 GC heap before
{Heap before GC invocations=2 (full 0):
 PSYoungGen      total 38400K, used 38391K [0x00000000d5f00000, 0x00000000d8980000, 0x0000000100000000)
  eden space 33280K, 100% used [0x00000000d5f00000,0x00000000d7f80000,0x00000000d7f80000)
  from space 5120K, 99% used [0x00000000d7f80000,0x00000000d847ddb8,0x00000000d8480000)
  to   space 5120K, 0% used [0x00000000d8480000,0x00000000d8480000,0x00000000d8980000)
 ParOldGen       total 87552K, used 597K [0x0000000081c00000, 0x0000000087180000, 0x00000000d5f00000)
  object space 87552K, 0% used [0x0000000081c00000,0x0000000081c956a8,0x0000000087180000)
 Metaspace       used 12094K, capacity 12258K, committed 12416K, reserved 1060864K
  class space    used 1512K, capacity 1608K, committed 1664K, reserved 1048576K
Event: 1.399 GC heap after
Heap after GC invocations=2 (full 0):
 PSYoungGen      total 38400K, used 5095K [0x00000000d5f00000, 0x00000000daa00000, 0x0000000100000000)
  eden space 33280K, 0% used [0x00000000d5f00000,0x00000000d5f00000,0x00000000d7f80000)
  from space 5120K, 99% used [0x00000000d8480000,0x00000000d8979d30,0x00000000d8980000)
  to   space 5120K, 0% used [0x00000000d7f80000,0x00000000d7f80000,0x00000000d8480000)
 ParOldGen       total 87552K, used 2626K [0x0000000081c00000, 0x0000000087180000, 0x00000000d5f00000)
  object space 87552K, 3% used [0x0000000081c00000,0x0000000081e90a58,0x0000000087180000)
 Metaspace       used 12094K, capacity 12258K, committed 12416K, reserved 1060864K
  class space    used 1512K, capacity 1608K, committed 1664K, reserved 1048576K
}

Deoptimization events (8 events):
Event: 0.370 Thread 0x0000000002a6d800 Uncommon trap: reason=unstable_if action=reinterpret pc=0x0000000002cf4fc4 method=java.lang.String.indexOf([CII[CIII)I @ 3
Event: 0.534 Thread 0x0000000002a6d800 Uncommon trap: reason=unstable_if action=reinterpret pc=0x0000000002d1aae4 method=org.codehaus.plexus.util.xml.pull.MXParser.more()C @ 8
Event: 0.643 Thread 0x0000000002a6d800 Uncommon trap: reason=unstable_if action=reinterpret pc=0x0000000002e0bdbc method=org.codehaus.plexus.util.xml.pull.MXParser.nextImpl()I @ 241
Event: 0.722 Thread 0x0000000002a6d800 Uncommon trap: reason=range_check action=make_not_entrant pc=0x0000000002e681e0 method=sun.reflect.generics.parser.SignatureParser.current()C @ 34
Event: 1.201 Thread 0x0000000002a6d800 Uncommon trap: reason=unstable_if action=reinterpret pc=0x0000000002e2841c method=java.nio.charset.CharsetDecoder.decode(Ljava/nio/ByteBuffer;Ljava/nio/CharBuffer;Z)Ljava/nio/charset/CoderResult; @ 1
Event: 1.523 Thread 0x0000000002a6d800 Uncommon trap: reason=unstable_if action=reinterpret pc=0x0000000002ffe19c method=java.lang.ref.ReferenceQueue.poll()Ljava/lang/ref/Reference; @ 4
Event: 1.630 Thread 0x0000000002a6d800 Uncommon trap: reason=unstable_if action=reinterpret pc=0x000000000304ac50 method=org.eclipse.sisu.inject.InjectorBindings.isAssignableFrom(Lcom/google/inject/TypeLiteral;Lcom/google/inject/Binding;)Z @ 14
Event: 1.632 Thread 0x0000000002a6d800 Uncommon trap: reason=null_check action=make_not_entrant pc=0x0000000002d6ca1c method=java.lang.String.equals(Ljava/lang/Object;)Z @ 8

Internal exceptions (10 events):
Event: 1.517 Thread 0x0000000002a6d800 Exception <a 'java/lang/NoClassDefFoundError': com/google/inject/servlet/ServletModuleTargetVisitor> (0x00000000d6426a30) thrown at [C:\re\workspace\8-2-build-windows-amd64-cygwin\jdk8u111\7883\hotspot\src\share\vm\classfile\systemDictionary.cpp, line 199
Event: 1.517 Thread 0x0000000002a6d800 Exception <a 'java/lang/NoClassDefFoundError'> (0x00000000d6426a30) thrown at [C:\re\workspace\8-2-build-windows-amd64-cygwin\jdk8u111\7883\hotspot\src\share\vm\prims\jvm.cpp, line 1390]
Event: 1.517 Thread 0x0000000002a6d800 Exception <a 'java/lang/NoClassDefFoundError': javax/annotation/Priority> (0x00000000d642b618) thrown at [C:\re\workspace\8-2-build-windows-amd64-cygwin\jdk8u111\7883\hotspot\src\share\vm\classfile\systemDictionary.cpp, line 199]
Event: 1.632 Thread 0x0000000002a6d800 Implicit null exception at 0x0000000002d6c85b to 0x0000000002d6ca0d
Event: 1.751 Thread 0x0000000002a6d800 Exception <a 'java/lang/NullPointerException'> (0x00000000d6b85cd0) thrown at [C:\re\workspace\8-2-build-windows-amd64-cygwin\jdk8u111\7883\hotspot\src\share\vm\interpreter\linkResolver.cpp, line 1178]
Event: 1.751 Thread 0x0000000002a6d800 Exception <a 'java/lang/NullPointerException'> (0x00000000d6b85ee8) thrown at [C:\re\workspace\8-2-build-windows-amd64-cygwin\jdk8u111\7883\hotspot\src\share\vm\interpreter\linkResolver.cpp, line 1178]
Event: 1.751 Thread 0x0000000002a6d800 Exception <a 'java/lang/NullPointerException'> (0x00000000d6b86100) thrown at [C:\re\workspace\8-2-build-windows-amd64-cygwin\jdk8u111\7883\hotspot\src\share\vm\interpreter\linkResolver.cpp, line 1178]
Event: 1.755 Thread 0x0000000002a6d800 Exception <a 'java/lang/NullPointerException'> (0x00000000d6b8de90) thrown at [C:\re\workspace\8-2-build-windows-amd64-cygwin\jdk8u111\7883\hotspot\src\share\vm\interpreter\linkResolver.cpp, line 1178]
Event: 1.756 Thread 0x0000000002a6d800 Exception <a 'java/lang/NullPointerException'> (0x00000000d6b8e0a8) thrown at [C:\re\workspace\8-2-build-windows-amd64-cygwin\jdk8u111\7883\hotspot\src\share\vm\interpreter\linkResolver.cpp, line 1178]
Event: 1.756 Thread 0x0000000002a6d800 Exception <a 'java/lang/NullPointerException'> (0x00000000d6b8e2c0) thrown at [C:\re\workspace\8-2-build-windows-amd64-cygwin\jdk8u111\7883\hotspot\src\share\vm\interpreter\linkResolver.cpp, line 1178]

Events (10 events):
Event: 1.811 loading class org/slf4j/impl/OutputChoice$1
Event: 1.811 loading class org/slf4j/impl/OutputChoice$1 done
Event: 1.816 loading class org/apache/maven/project/DefaultProjectBuildingRequest
Event: 1.816 loading class org/apache/maven/project/DefaultProjectBuildingRequest done
Event: 1.822 loading class org/apache/maven/project/ProjectBuildingRequest$RepositoryMerging
Event: 1.822 loading class org/apache/maven/project/ProjectBuildingRequest$RepositoryMerging done
Event: 1.824 loading class org/apache/maven/artifact/repository/LegacyLocalRepositoryManager
Event: 1.824 loading class org/apache/maven/artifact/repository/LegacyLocalRepositoryManager done
Event: 1.825 loading class org/apache/maven/model/building/DefaultModelBuildingRequest
Event: 1.825 loading class org/apache/maven/model/building/DefaultModelBuildingRequest done


Dynamic libraries:
0x00007ff6bd8a0000 - 0x00007ff6bd8d7000 	C:\Program Files\Java\jdk1.8.0_111\bin\java.exe
0x00007ffe77210000 - 0x00007ffe77406000 	C:\Windows\SYSTEM32\ntdll.dll
0x00007ffe769f0000 - 0x00007ffe76aad000 	C:\Windows\System32\KERNEL32.DLL
0x00007ffe74cb0000 - 0x00007ffe74f79000 	C:\Windows\System32\KERNELBASE.dll
0x00007ffe75e60000 - 0x00007ffe75f0c000 	C:\Windows\System32\ADVAPI32.dll
0x00007ffe76d40000 - 0x00007ffe76dde000 	C:\Windows\System32\msvcrt.dll
0x00007ffe75530000 - 0x00007ffe755cc000 	C:\Windows\System32\sechost.dll
0x00007ffe76780000 - 0x00007ffe768ab000 	C:\Windows\System32\RPCRT4.dll
0x00007ffe75840000 - 0x00007ffe759e0000 	C:\Windows\System32\USER32.dll
0x00007ffe751a0000 - 0x00007ffe751c2000 	C:\Windows\System32\win32u.dll
0x00007ffe755d0000 - 0x00007ffe755fa000 	C:\Windows\System32\GDI32.dll
0x00007ffe74f80000 - 0x00007ffe7508b000 	C:\Windows\System32\gdi32full.dll
0x00007ffe751d0000 - 0x00007ffe7526d000 	C:\Windows\System32\msvcp_win.dll
0x00007ffe74bb0000 - 0x00007ffe74cb0000 	C:\Windows\System32\ucrtbase.dll
0x00007ffe605d0000 - 0x00007ffe6086b000 	C:\Windows\WinSxS\amd64_microsoft.windows.common-controls_6595b64144ccf1df_6.0.19041.746_none_ca02b4b61b8320a4\COMCTL32.dll
0x00007ffe752f0000 - 0x00007ffe75320000 	C:\Windows\System32\IMM32.DLL
0x00000000717b0000 - 0x0000000071882000 	C:\Program Files\Java\jdk1.8.0_111\jre\bin\msvcr100.dll
0x0000000070710000 - 0x0000000070faa000 	C:\Program Files\Java\jdk1.8.0_111\jre\bin\server\jvm.dll
0x00007ffe75400000 - 0x00007ffe75408000 	C:\Windows\System32\PSAPI.DLL
0x00007ffe6cc10000 - 0x00007ffe6cc19000 	C:\Windows\SYSTEM32\WSOCK32.dll
0x00007ffe60980000 - 0x00007ffe609a7000 	C:\Windows\SYSTEM32\WINMM.dll
0x00007ffe66420000 - 0x00007ffe6642a000 	C:\Windows\SYSTEM32\VERSION.dll
0x00007ffe768b0000 - 0x00007ffe7691b000 	C:\Windows\System32\WS2_32.dll
0x0000000070700000 - 0x000000007070f000 	C:\Program Files\Java\jdk1.8.0_111\jre\bin\verify.dll
0x00000000706d0000 - 0x00000000706f9000 	C:\Program Files\Java\jdk1.8.0_111\jre\bin\java.dll
0x00000000706b0000 - 0x00000000706c6000 	C:\Program Files\Java\jdk1.8.0_111\jre\bin\zip.dll
0x00007ffe76030000 - 0x00007ffe76773000 	C:\Windows\System32\SHELL32.dll
0x00007ffe72a90000 - 0x00007ffe7321f000 	C:\Windows\SYSTEM32\windows.storage.dll
0x00007ffe76de0000 - 0x00007ffe77136000 	C:\Windows\System32\combase.dll
0x00007ffe743b0000 - 0x00007ffe743dc000 	C:\Windows\SYSTEM32\Wldp.dll
0x00007ffe75f10000 - 0x00007ffe75fbe000 	C:\Windows\System32\SHCORE.dll
0x00007ffe76ab0000 - 0x00007ffe76b05000 	C:\Windows\System32\shlwapi.dll
0x00007ffe74880000 - 0x00007ffe748a6000 	C:\Windows\SYSTEM32\profapi.dll
0x00007ffe6fa50000 - 0x00007ffe6fa5a000 	C:\apache-maven-3.6.3\lib\jansi-native\windows64\jansi.dll

VM Arguments:
jvm_args: -Dclassworlds.conf=C:\apache-maven-3.6.3\bin\..\bin\m2.conf -Dmaven.home=C:\apache-maven-3.6.3\bin\.. -Dlibrary.jansi.path=C:\apache-maven-3.6.3\bin\..\lib\jansi-native -Dmaven.multiModuleProjectDirectory=C:\Users\Adhi\Documents\GitHub\cv-library 
java_command: org.codehaus.plexus.classworlds.launcher.Launcher -Dexec.args=-classpath %classpath com.mii.cvlibraryclient.CvLibraryClientApplication -Dexec.executable=C:\Program Files\Java\jdk1.8.0_111\bin\java.exe -Dmaven.ext.class.path=C:\Program Files\NetBeans 8.2\java\maven-nblib\netbeans-eventspy.jar -Dfile.encoding=UTF-8 org.codehaus.mojo:exec-maven-plugin:1.2.1:exec
java_class_path (initial): C:\apache-maven-3.6.3\bin\..\boot\plexus-classworlds-2.6.0.jar
Launcher Type: SUN_STANDARD

Environment Variables:
JAVA_HOME=C:\Program Files\Java\jdk1.8.0_111
PATH=C:\ProgramData\Oracle\Java\javapath;C:\oraclexe\app\oracle\product\11.2.0\server\bin;C:\Windows\system32;C:\Windows;C:\Windows\System32\Wbem;C:\Windows\System32\WindowsPowerShell\v1.0\;C:\Windows\System32\OpenSSH\;C:\Program Files (x86)\NVIDIA Corporation\PhysX\Common;C:\Program Files\Git\cmd;C:\Users\Adhi\AppData\Local\Microsoft\WindowsApps;C:\Users\Adhi\AppData\Local\GitHubDesktop\bin
USERNAME=Adhi
OS=Windows_NT
PROCESSOR_IDENTIFIER=Intel64 Family 6 Model 142 Stepping 10, GenuineIntel



---------------  S Y S T E M  ---------------

OS: Windows 10.0 , 64 bit Build 19041 (10.0.19041.662)

CPU:total 8 (4 cores per cpu, 2 threads per core) family 6 model 142 stepping 10, cmov, cx8, fxsr, mmx, sse, sse2, sse3, ssse3, sse4.1, sse4.2, popcnt, avx, avx2, aes, clmul, erms, 3dnowpref, lzcnt, ht, tsc, tscinvbit, bmi1, bmi2, adx

Memory: 4k page, physical 8270052k(866472k free), swap 12464356k(2188k free)

vm_info: Java HotSpot(TM) 64-Bit Server VM (25.111-b14) for windows-amd64 JRE (1.8.0_111-b14), built on Sep 22 2016 19:24:05 by "java_re" with MS VC++ 10.0 (VS2010)

time: Thu Jan 28 08:11:56 2021
elapsed time: 1 seconds (0d 0h 0m 1s)

